<?xml version="1.0" encoding="UTF-8"?>
<!-- Generated by org.testng.reporters.JUnitReportReporter -->
<testsuite hostname="Alphabot" failures="0" tests="4" name="in.reqres.TestPostRequests" time="6.824" errors="0" timestamp="2024-05-12T16:59:07 IST" skipped="0">
  <testcase classname="in.reqres.TestPostRequests" name="testPostRequests" time="4.431"/>
  <testcase classname="in.reqres.TestPostRequests" name="testPostRequests" time="0.445"/>
  <testcase classname="in.reqres.TestPostRequests" name="testPostRequests" time="1.489"/>
  <testcase classname="in.reqres.TestPostRequests" name="testPostRequests" time="0.459"/>
</testsuite> <!-- in.reqres.TestPostRequests -->
