<?xml version="1.0" encoding="UTF-8"?>
<!-- Generated by org.testng.reporters.JUnitReportReporter -->
<testsuite hostname="Alphabot" failures="0" tests="1" name="in.reqres.TestDeleteRequests" time="3.260" errors="0" timestamp="2024-05-12T16:59:07 IST" skipped="0">
  <testcase classname="in.reqres.TestDeleteRequests" name="deleteRequestTests" time="3.260"/>
</testsuite> <!-- in.reqres.TestDeleteRequests -->
