<?xml version="1.0" encoding="UTF-8"?>
<!-- Generated by org.testng.reporters.JUnitReportReporter -->
<testsuite hostname="Alphabot" failures="0" tests="1" name="in.reqres.TestResponseHeaders" time="3.254" errors="0" timestamp="2024-05-12T16:59:07 IST" skipped="0">
  <testcase classname="in.reqres.TestResponseHeaders" name="responseHeadersTest" time="3.254"/>
</testsuite> <!-- in.reqres.TestResponseHeaders -->
