<?xml version="1.0" encoding="UTF-8"?>
<!-- Generated by org.testng.reporters.JUnitReportReporter -->
<testsuite hostname="Alphabot" failures="0" tests="1" name="soapapitests.NumberToWordsTest" time="1.627" errors="0" timestamp="2024-05-12T16:59:07 IST" skipped="0">
  <testcase classname="soapapitests.NumberToWordsTest" name="testNumberToWordsAPI" time="1.627"/>
</testsuite> <!-- soapapitests.NumberToWordsTest -->
