<?xml version="1.0" encoding="UTF-8"?>
<!-- Generated by org.testng.reporters.JUnitReportReporter -->
<testsuite hostname="Alphabot" failures="0" tests="2" name="in.reqres.TestGetRequests" time="4.726" errors="0" timestamp="2024-05-12T16:59:07 IST" skipped="0">
  <testcase classname="in.reqres.TestGetRequests" name="getRequestTestWithQueryParam" time="1.057"/>
  <testcase classname="in.reqres.TestGetRequests" name="getRequestTest" time="3.669"/>
</testsuite> <!-- in.reqres.TestGetRequests -->
