<?xml version="1.0" encoding="UTF-8"?>
<!-- Generated by org.testng.reporters.JUnitReportReporter -->
<testsuite hostname="Alphabot" failures="0" tests="2" name="in.reqres.TestPatchRequests" time="3.735" errors="0" timestamp="2024-05-12T16:59:07 IST" skipped="0">
  <testcase classname="in.reqres.TestPatchRequests" name="patchRequestTests" time="3.316"/>
  <testcase classname="in.reqres.TestPatchRequests" name="patchRequestTests" time="0.419"/>
</testsuite> <!-- in.reqres.TestPatchRequests -->
