<?xml version="1.0" encoding="UTF-8"?>
<!-- Generated by org.testng.reporters.JUnitReportReporter -->
<testsuite hostname="Alphabot" failures="0" tests="2" name="in.reqres.TestPutRequests" time="4.820" errors="0" timestamp="2024-05-12T16:59:07 IST" skipped="0">
  <testcase classname="in.reqres.TestPutRequests" name="putRequestsTests" time="0.487"/>
  <testcase classname="in.reqres.TestPutRequests" name="putRequestsTests" time="4.333"/>
</testsuite> <!-- in.reqres.TestPutRequests -->
