<?xml version="1.0" encoding="UTF-8"?>
<!-- Generated by org.testng.reporters.JUnitReportReporter -->
<testsuite hostname="Alphabot" failures="0" tests="2" name="in.reqres.TestAuthentication" time="4.922" errors="0" timestamp="2024-05-12T16:59:07 IST" skipped="0">
  <testcase classname="in.reqres.TestAuthentication" name="testAuthenticationToken" time="4.419"/>
  <testcase classname="in.reqres.TestAuthentication" name="testAuthToken" time="0.503"/>
</testsuite> <!-- in.reqres.TestAuthentication -->
