<?xml version="1.0" encoding="UTF-8"?>
<!-- Generated by org.testng.reporters.JUnitReportReporter -->
<testsuite hostname="Alphabot" failures="0" tests="5" name="assertionexamples.StringRelatedAssertionTests" time="5.323" errors="0" timestamp="2024-05-12T16:59:07 IST" skipped="0">
  <testcase classname="assertionexamples.StringRelatedAssertionTests" name="testNotNullAssertions" time="0.591"/>
  <testcase classname="assertionexamples.StringRelatedAssertionTests" name="testNotAssertions" time="2.341"/>
  <testcase classname="assertionexamples.StringRelatedAssertionTests" name="testMultipleAssertStatement" time="0.306"/>
  <testcase classname="assertionexamples.StringRelatedAssertionTests" name="testHasKeyAssertion" time="0.603"/>
  <testcase classname="assertionexamples.StringRelatedAssertionTests" name="testStringAssertions" time="1.482"/>
</testsuite> <!-- assertionexamples.StringRelatedAssertionTests -->
