<?xml version="1.0" encoding="UTF-8"?>
<!-- Generated by org.testng.reporters.JUnitReportReporter -->
<testsuite hostname="Alphabot" failures="0" tests="3" name="assertionexamples.NumberRelatedAssertionTests" time="2.035" errors="0" timestamp="2024-05-12T16:59:07 IST" skipped="0">
  <testcase classname="assertionexamples.NumberRelatedAssertionTests" name="testGreaterThanAssertions" time="0.264"/>
  <testcase classname="assertionexamples.NumberRelatedAssertionTests" name="testLessThanAssertions" time="1.133"/>
  <testcase classname="assertionexamples.NumberRelatedAssertionTests" name="testNumberAssertions" time="0.638"/>
</testsuite> <!-- assertionexamples.NumberRelatedAssertionTests -->
